# JRE version: Java(TM) SE Runtime Environment (17.0.2+8) (build 17.0.2+8-LTS-86)
# Java VM: Java HotSpot(TM) 64-Bit Server VM (17.0.2+8-LTS-86, mixed mode, emulated-client, sharing, tiered, compressed oops, compressed class ptrs, g1 gc, windows-amd64)
GC Precious Log:
 CPUs: 12 total, 12 available
 Memory: 16321M
 Large Page Support: Disabled
 NUMA Support: Disabled
 Compressed Oops: Enabled (Zero based)
 Heap Region Size: 2M
 Heap Min Capacity: 8M
 Heap Initial Capacity: 256M
 Heap Max Capacity: 4082M
 Pre-touch: Disabled
 Parallel Workers: 10
 Concurrent Workers: 3
 Concurrent Refinement Workers: 10
 Periodic GC: Disabled
Heap:
 garbage-first heap   total 61440K, used 17197K [0x0000000700e00000, 0x0000000800000000)
  region size 2048K, 1 young (2048K), 1 survivors (2048K)
 Metaspace       used 33034K, committed 33408K, reserved 1081344K
  class space    used 4450K, committed 4608K, reserved 1048576K
GC Heap History (11 events):
Event: 0.584 GC heap before
{Heap before GC invocations=0 (full 0):
 garbage-first heap   total 262144K, used 22528K [0x0000000700e00000, 0x0000000800000000)
  region size 2048K, 11 young (22528K), 0 survivors (0K)
 Metaspace       used 7088K, committed 7296K, reserved 1056768K
  class space    used 874K, committed 960K, reserved 1048576K
}
Event: 0.588 GC heap after
{Heap after GC invocations=1 (full 0):
 garbage-first heap   total 262144K, used 6563K [0x0000000700e00000, 0x0000000800000000)
  region size 2048K, 2 young (4096K), 2 survivors (4096K)
 Metaspace       used 7088K, committed 7296K, reserved 1056768K
  class space    used 874K, committed 960K, reserved 1048576K
}
Event: 0.865 GC heap before
{Heap before GC invocations=1 (full 0):
 garbage-first heap   total 262144K, used 29091K [0x0000000700e00000, 0x0000000800000000)
  region size 2048K, 14 young (28672K), 2 survivors (4096K)
 Metaspace       used 12585K, committed 12864K, reserved 1064960K
  class space    used 1651K, committed 1792K, reserved 1048576K
}
Event: 0.869 GC heap after
{Heap after GC invocations=2 (full 0):
 garbage-first heap   total 262144K, used 8782K [0x0000000700e00000, 0x0000000800000000)
  region size 2048K, 1 young (2048K), 1 survivors (2048K)
 Metaspace       used 12585K, committed 12864K, reserved 1064960K
  class space    used 1651K, committed 1792K, reserved 1048576K
}
Event: 1.535 GC heap before
{Heap before GC invocations=2 (full 0):
 garbage-first heap   total 262144K, used 68174K [0x0000000700e00000, 0x0000000800000000)
  region size 2048K, 31 young (63488K), 1 survivors (2048K)
 Metaspace       used 21211K, committed 21504K, reserved 1073152K
  class space    used 2944K, committed 3072K, reserved 1048576K
}
Event: 1.539 GC heap after
{Heap after GC invocations=3 (full 0):
 garbage-first heap   total 262144K, used 13382K [0x0000000700e00000, 0x0000000800000000)
  region size 2048K, 4 young (8192K), 4 survivors (8192K)
 Metaspace       used 21211K, committed 21504K, reserved 1073152K
  class space    used 2944K, committed 3072K, reserved 1048576K
}
Event: 2.172 GC heap before
{Heap before GC invocations=4 (full 0):
 garbage-first heap   total 61440K, used 44102K [0x0000000700e00000, 0x0000000800000000)
  region size 2048K, 20 young (40960K), 4 survivors (8192K)
 Metaspace       used 26525K, committed 26880K, reserved 1073152K
  class space    used 3501K, committed 3648K, reserved 1048576K
}
Event: 2.182 GC heap after
{Heap after GC invocations=5 (full 0):
 garbage-first heap   total 61440K, used 16328K [0x0000000700e00000, 0x0000000800000000)
  region size 2048K, 5 young (10240K), 5 survivors (10240K)
 Metaspace       used 26525K, committed 26880K, reserved 1073152K
  class space    used 3501K, committed 3648K, reserved 1048576K
}
Event: 2.298 GC heap before
{Heap before GC invocations=5 (full 0):
 garbage-first heap   total 61440K, used 18376K [0x0000000700e00000, 0x0000000800000000)
  region size 2048K, 6 young (12288K), 5 survivors (10240K)
 Metaspace       used 27125K, committed 27456K, reserved 1081344K
  class space    used 3595K, committed 3776K, reserved 1048576K
}
Event: 2.307 GC heap after
{Heap after GC invocations=6 (full 0):
 garbage-first heap   total 61440K, used 17167K [0x0000000700e00000, 0x0000000800000000)
  region size 2048K, 1 young (2048K), 1 survivors (2048K)
 Metaspace       used 27125K, committed 27456K, reserved 1081344K
  class space    used 3595K, committed 3776K, reserved 1048576K
}
Event: 3.065 GC heap before
{Heap before GC invocations=6 (full 0):
 garbage-first heap   total 61440K, used 41743K [0x0000000700e00000, 0x0000000800000000)
  region size 2048K, 13 young (26624K), 1 survivors (2048K)
 Metaspace       used 33034K, committed 33408K, reserved 1081344K
  class space    used 4450K, committed 4608K, reserved 1048576K
}

